<?xml version="1.0" encoding="UTF-8"?>
<testsuite xmlns:xsi="http://www.w3.org/2001/XMLSchema-instance" xsi:noNamespaceSchemaLocation="https://maven.apache.org/surefire/maven-surefire-plugin/xsd/surefire-test-report.xsd" name="com.zjrcu.stspringbootstarter.StSpringBootStarterApplicationTests" time="1.363" tests="1" errors="0" skipped="0" failures="0">
  <properties>
    <property name="java.specification.version" value="18"/>
    <property name="sun.cpu.isalist" value="amd64"/>
    <property name="sun.jnu.encoding" value="GBK"/>
    <property name="java.class.path" value="E:\springboot_project\st-spring-boot-starter\target\test-classes;E:\springboot_project\st-spring-boot-starter\target\classes;E:\maven_projevct.m2\maven_repository\org\springframework\boot\spring-boot-starter\2.7.3\spring-boot-starter-2.7.3.jar;E:\maven_projevct.m2\maven_repository\org\springframework\boot\spring-boot\2.7.3\spring-boot-2.7.3.jar;E:\maven_projevct.m2\maven_repository\org\springframework\spring-context\5.3.22\spring-context-5.3.22.jar;E:\maven_projevct.m2\maven_repository\org\springframework\spring-aop\5.3.22\spring-aop-5.3.22.jar;E:\maven_projevct.m2\maven_repository\org\springframework\spring-beans\5.3.22\spring-beans-5.3.22.jar;E:\maven_projevct.m2\maven_repository\org\springframework\spring-expression\5.3.22\spring-expression-5.3.22.jar;E:\maven_projevct.m2\maven_repository\org\springframework\boot\spring-boot-starter-logging\2.7.3\spring-boot-starter-logging-2.7.3.jar;E:\maven_projevct.m2\maven_repository\ch\qos\logback\logback-classic\1.2.11\logback-classic-1.2.11.jar;E:\maven_projevct.m2\maven_repository\ch\qos\logback\logback-core\1.2.11\logback-core-1.2.11.jar;E:\maven_projevct.m2\maven_repository\org\apache\logging\log4j\log4j-to-slf4j\2.17.2\log4j-to-slf4j-2.17.2.jar;E:\maven_projevct.m2\maven_repository\org\apache\logging\log4j\log4j-api\2.17.2\log4j-api-2.17.2.jar;E:\maven_projevct.m2\maven_repository\org\slf4j\jul-to-slf4j\1.7.36\jul-to-slf4j-1.7.36.jar;E:\maven_projevct.m2\maven_repository\jakarta\annotation\jakarta.annotation-api\1.3.5\jakarta.annotation-api-1.3.5.jar;E:\maven_projevct.m2\maven_repository\org\springframework\spring-core\5.3.22\spring-core-5.3.22.jar;E:\maven_projevct.m2\maven_repository\org\springframework\spring-jcl\5.3.22\spring-jcl-5.3.22.jar;E:\maven_projevct.m2\maven_repository\org\yaml\snakeyaml\1.30\snakeyaml-1.30.jar;E:\maven_projevct.m2\maven_repository\org\springframework\boot\spring-boot-starter-test\2.7.3\spring-boot-starter-test-2.7.3.jar;E:\maven_projevct.m2\maven_repository\org\springframework\boot\spring-boot-test\2.7.3\spring-boot-test-2.7.3.jar;E:\maven_projevct.m2\maven_repository\org\springframework\boot\spring-boot-test-autoconfigure\2.7.3\spring-boot-test-autoconfigure-2.7.3.jar;E:\maven_projevct.m2\maven_repository\com\jayway\jsonpath\json-path\2.7.0\json-path-2.7.0.jar;E:\maven_projevct.m2\maven_repository\net\minidev\json-smart\2.4.8\json-smart-2.4.8.jar;E:\maven_projevct.m2\maven_repository\net\minidev\accessors-smart\2.4.8\accessors-smart-2.4.8.jar;E:\maven_projevct.m2\maven_repository\org\ow2\asm\asm\9.1\asm-9.1.jar;E:\maven_projevct.m2\maven_repository\org\slf4j\slf4j-api\1.7.36\slf4j-api-1.7.36.jar;E:\maven_projevct.m2\maven_repository\jakarta\xml\bind\jakarta.xml.bind-api\2.3.3\jakarta.xml.bind-api-2.3.3.jar;E:\maven_projevct.m2\maven_repository\jakarta\activation\jakarta.activation-api\1.2.2\jakarta.activation-api-1.2.2.jar;E:\maven_projevct.m2\maven_repository\org\assertj\assertj-core\3.22.0\assertj-core-3.22.0.jar;E:\maven_projevct.m2\maven_repository\org\hamcrest\hamcrest\2.2\hamcrest-2.2.jar;E:\maven_projevct.m2\maven_repository\org\junit\jupiter\junit-jupiter\5.8.2\junit-jupiter-5.8.2.jar;E:\maven_projevct.m2\maven_repository\org\junit\jupiter\junit-jupiter-api\5.8.2\junit-jupiter-api-5.8.2.jar;E:\maven_projevct.m2\maven_repository\org\opentest4j\opentest4j\1.2.0\opentest4j-1.2.0.jar;E:\maven_projevct.m2\maven_repository\org\junit\platform\junit-platform-commons\1.8.2\junit-platform-commons-1.8.2.jar;E:\maven_projevct.m2\maven_repository\org\apiguardian\apiguardian-api\1.1.2\apiguardian-api-1.1.2.jar;E:\maven_projevct.m2\maven_repository\org\junit\jupiter\junit-jupiter-params\5.8.2\junit-jupiter-params-5.8.2.jar;E:\maven_projevct.m2\maven_repository\org\junit\jupiter\junit-jupiter-engine\5.8.2\junit-jupiter-engine-5.8.2.jar;E:\maven_projevct.m2\maven_repository\org\junit\platform\junit-platform-engine\1.8.2\junit-platform-engine-1.8.2.jar;E:\maven_projevct.m2\maven_repository\org\mockito\mockito-core\4.5.1\mockito-core-4.5.1.jar;E:\maven_projevct.m2\maven_repository\net\bytebuddy\byte-buddy\1.12.13\byte-buddy-1.12.13.jar;E:\maven_projevct.m2\maven_repository\net\bytebuddy\byte-buddy-agent\1.12.13\byte-buddy-agent-1.12.13.jar;E:\maven_projevct.m2\maven_repository\org\objenesis\objenesis\3.2\objenesis-3.2.jar;E:\maven_projevct.m2\maven_repository\org\mockito\mockito-junit-jupiter\4.5.1\mockito-junit-jupiter-4.5.1.jar;E:\maven_projevct.m2\maven_repository\org\skyscreamer\jsonassert\1.5.1\jsonassert-1.5.1.jar;E:\maven_projevct.m2\maven_repository\com\vaadin\external\google\android-json\0.0.20131108.vaadin1\android-json-0.0.20131108.vaadin1.jar;E:\maven_projevct.m2\maven_repository\org\springframework\spring-test\5.3.22\spring-test-5.3.22.jar;E:\maven_projevct.m2\maven_repository\org\xmlunit\xmlunit-core\2.9.0\xmlunit-core-2.9.0.jar;E:\maven_projevct.m2\maven_repository\org\springframework\boot\spring-boot-autoconfigure\2.7.2\spring-boot-autoconfigure-2.7.2.jar;E:\maven_projevct.m2\maven_repository\com\alibaba\fastjson\2.0.12\fastjson-2.0.12.jar;E:\maven_projevct.m2\maven_repository\com\alibaba\fastjson2\fastjson2-extension\2.0.12\fastjson2-extension-2.0.12.jar;E:\maven_projevct.m2\maven_repository\com\alibaba\fastjson2\fastjson2\2.0.12\fastjson2-2.0.12.jar;"/>
    <property name="java.vm.vendor" value="Oracle Corporation"/>
    <property name="sun.arch.data.model" value="64"/>
    <property name="user.variant" value=""/>
    <property name="java.vendor.url" value="https://java.oracle.com/"/>
    <property name="user.timezone" value="Asia/Shanghai"/>
    <property name="os.name" value="Windows 10"/>
    <property name="java.vm.specification.version" value="18"/>
    <property name="sun.java.launcher" value="SUN_STANDARD"/>
    <property name="user.country" value="CN"/>
    <property name="sun.boot.library.path" value="C:\Users\Savitar\.jdks\openjdk-18.0.2-2\bin"/>
    <property name="sun.java.command" value="C:\Users\Savitar\AppData\Local\Temp\surefire15465694392041705446\surefirebooter16621488622832267943.jar C:\Users\Savitar\AppData\Local\Temp\surefire15465694392041705446 2022-09-09T11-26-36_800-jvmRun1 surefire2794228326857144501tmp surefire_013458524524755093481tmp"/>
    <property name="jdk.debug" value="release"/>
    <property name="surefire.test.class.path" value="E:\springboot_project\st-spring-boot-starter\target\test-classes;E:\springboot_project\st-spring-boot-starter\target\classes;E:\maven_projevct.m2\maven_repository\org\springframework\boot\spring-boot-starter\2.7.3\spring-boot-starter-2.7.3.jar;E:\maven_projevct.m2\maven_repository\org\springframework\boot\spring-boot\2.7.3\spring-boot-2.7.3.jar;E:\maven_projevct.m2\maven_repository\org\springframework\spring-context\5.3.22\spring-context-5.3.22.jar;E:\maven_projevct.m2\maven_repository\org\springframework\spring-aop\5.3.22\spring-aop-5.3.22.jar;E:\maven_projevct.m2\maven_repository\org\springframework\spring-beans\5.3.22\spring-beans-5.3.22.jar;E:\maven_projevct.m2\maven_repository\org\springframework\spring-expression\5.3.22\spring-expression-5.3.22.jar;E:\maven_projevct.m2\maven_repository\org\springframework\boot\spring-boot-starter-logging\2.7.3\spring-boot-starter-logging-2.7.3.jar;E:\maven_projevct.m2\maven_repository\ch\qos\logback\logback-classic\1.2.11\logback-classic-1.2.11.jar;E:\maven_projevct.m2\maven_repository\ch\qos\logback\logback-core\1.2.11\logback-core-1.2.11.jar;E:\maven_projevct.m2\maven_repository\org\apache\logging\log4j\log4j-to-slf4j\2.17.2\log4j-to-slf4j-2.17.2.jar;E:\maven_projevct.m2\maven_repository\org\apache\logging\log4j\log4j-api\2.17.2\log4j-api-2.17.2.jar;E:\maven_projevct.m2\maven_repository\org\slf4j\jul-to-slf4j\1.7.36\jul-to-slf4j-1.7.36.jar;E:\maven_projevct.m2\maven_repository\jakarta\annotation\jakarta.annotation-api\1.3.5\jakarta.annotation-api-1.3.5.jar;E:\maven_projevct.m2\maven_repository\org\springframework\spring-core\5.3.22\spring-core-5.3.22.jar;E:\maven_projevct.m2\maven_repository\org\springframework\spring-jcl\5.3.22\spring-jcl-5.3.22.jar;E:\maven_projevct.m2\maven_repository\org\yaml\snakeyaml\1.30\snakeyaml-1.30.jar;E:\maven_projevct.m2\maven_repository\org\springframework\boot\spring-boot-starter-test\2.7.3\spring-boot-starter-test-2.7.3.jar;E:\maven_projevct.m2\maven_repository\org\springframework\boot\spring-boot-test\2.7.3\spring-boot-test-2.7.3.jar;E:\maven_projevct.m2\maven_repository\org\springframework\boot\spring-boot-test-autoconfigure\2.7.3\spring-boot-test-autoconfigure-2.7.3.jar;E:\maven_projevct.m2\maven_repository\com\jayway\jsonpath\json-path\2.7.0\json-path-2.7.0.jar;E:\maven_projevct.m2\maven_repository\net\minidev\json-smart\2.4.8\json-smart-2.4.8.jar;E:\maven_projevct.m2\maven_repository\net\minidev\accessors-smart\2.4.8\accessors-smart-2.4.8.jar;E:\maven_projevct.m2\maven_repository\org\ow2\asm\asm\9.1\asm-9.1.jar;E:\maven_projevct.m2\maven_repository\org\slf4j\slf4j-api\1.7.36\slf4j-api-1.7.36.jar;E:\maven_projevct.m2\maven_repository\jakarta\xml\bind\jakarta.xml.bind-api\2.3.3\jakarta.xml.bind-api-2.3.3.jar;E:\maven_projevct.m2\maven_repository\jakarta\activation\jakarta.activation-api\1.2.2\jakarta.activation-api-1.2.2.jar;E:\maven_projevct.m2\maven_repository\org\assertj\assertj-core\3.22.0\assertj-core-3.22.0.jar;E:\maven_projevct.m2\maven_repository\org\hamcrest\hamcrest\2.2\hamcrest-2.2.jar;E:\maven_projevct.m2\maven_repository\org\junit\jupiter\junit-jupiter\5.8.2\junit-jupiter-5.8.2.jar;E:\maven_projevct.m2\maven_repository\org\junit\jupiter\junit-jupiter-api\5.8.2\junit-jupiter-api-5.8.2.jar;E:\maven_projevct.m2\maven_repository\org\opentest4j\opentest4j\1.2.0\opentest4j-1.2.0.jar;E:\maven_projevct.m2\maven_repository\org\junit\platform\junit-platform-commons\1.8.2\junit-platform-commons-1.8.2.jar;E:\maven_projevct.m2\maven_repository\org\apiguardian\apiguardian-api\1.1.2\apiguardian-api-1.1.2.jar;E:\maven_projevct.m2\maven_repository\org\junit\jupiter\junit-jupiter-params\5.8.2\junit-jupiter-params-5.8.2.jar;E:\maven_projevct.m2\maven_repository\org\junit\jupiter\junit-jupiter-engine\5.8.2\junit-jupiter-engine-5.8.2.jar;E:\maven_projevct.m2\maven_repository\org\junit\platform\junit-platform-engine\1.8.2\junit-platform-engine-1.8.2.jar;E:\maven_projevct.m2\maven_repository\org\mockito\mockito-core\4.5.1\mockito-core-4.5.1.jar;E:\maven_projevct.m2\maven_repository\net\bytebuddy\byte-buddy\1.12.13\byte-buddy-1.12.13.jar;E:\maven_projevct.m2\maven_repository\net\bytebuddy\byte-buddy-agent\1.12.13\byte-buddy-agent-1.12.13.jar;E:\maven_projevct.m2\maven_repository\org\objenesis\objenesis\3.2\objenesis-3.2.jar;E:\maven_projevct.m2\maven_repository\org\mockito\mockito-junit-jupiter\4.5.1\mockito-junit-jupiter-4.5.1.jar;E:\maven_projevct.m2\maven_repository\org\skyscreamer\jsonassert\1.5.1\jsonassert-1.5.1.jar;E:\maven_projevct.m2\maven_repository\com\vaadin\external\google\android-json\0.0.20131108.vaadin1\android-json-0.0.20131108.vaadin1.jar;E:\maven_projevct.m2\maven_repository\org\springframework\spring-test\5.3.22\spring-test-5.3.22.jar;E:\maven_projevct.m2\maven_repository\org\xmlunit\xmlunit-core\2.9.0\xmlunit-core-2.9.0.jar;E:\maven_projevct.m2\maven_repository\org\springframework\boot\spring-boot-autoconfigure\2.7.2\spring-boot-autoconfigure-2.7.2.jar;E:\maven_projevct.m2\maven_repository\com\alibaba\fastjson\2.0.12\fastjson-2.0.12.jar;E:\maven_projevct.m2\maven_repository\com\alibaba\fastjson2\fastjson2-extension\2.0.12\fastjson2-extension-2.0.12.jar;E:\maven_projevct.m2\maven_repository\com\alibaba\fastjson2\fastjson2\2.0.12\fastjson2-2.0.12.jar;"/>
    <property name="sun.cpu.endian" value="little"/>
    <property name="user.home" value="C:\Users\Savitar"/>
    <property name="user.language" value="zh"/>
    <property name="java.specification.vendor" value="Oracle Corporation"/>
    <property name="java.version.date" value="2022-07-19"/>
    <property name="java.home" value="C:\Users\Savitar\.jdks\openjdk-18.0.2-2"/>
    <property name="file.separator" value="\"/>
    <property name="basedir" value="E:\springboot_project\st-spring-boot-starter"/>
    <property name="java.vm.compressedOopsMode" value="Zero based"/>
    <property name="line.separator" value="&#10;"/>
    <property name="java.vm.specification.vendor" value="Oracle Corporation"/>
    <property name="java.specification.name" value="Java Platform API Specification"/>
    <property name="surefire.real.class.path" value="C:\Users\Savitar\AppData\Local\Temp\surefire15465694392041705446\surefirebooter16621488622832267943.jar"/>
    <property name="user.script" value=""/>
    <property name="sun.management.compiler" value="HotSpot 64-Bit Tiered Compilers"/>
    <property name="java.runtime.version" value="18.0.2+9-61"/>
    <property name="user.name" value="Savitar"/>
    <property name="path.separator" value=";"/>
    <property name="os.version" value="10.0"/>
    <property name="java.runtime.name" value="OpenJDK Runtime Environment"/>
    <property name="file.encoding" value="UTF-8"/>
    <property name="java.vm.name" value="OpenJDK 64-Bit Server VM"/>
    <property name="localRepository" value="E:\maven_projevct.m2\maven_repository"/>
    <property name="java.vendor.url.bug" value="https://bugreport.java.com/bugreport/"/>
    <property name="java.io.tmpdir" value="C:\Users\Savitar\AppData\Local\Temp\"/>
    <property name="idea.version" value="2022.2"/>
    <property name="java.version" value="18.0.2"/>
    <property name="user.dir" value="E:\springboot_project\st-spring-boot-starter"/>
    <property name="os.arch" value="amd64"/>
    <property name="java.vm.specification.name" value="Java Virtual Machine Specification"/>
    <property name="sun.os.patch.level" value=""/>
    <property name="native.encoding" value="GBK"/>
    <property name="java.library.path" value="C:\Users\Savitar\.jdks\openjdk-18.0.2-2\bin;C:\Windows\Sun\Java\bin;C:\Windows\system32;C:\Windows;D:\VM\bin\;C:\Program Files\Common Files\Oracle\Java\javapath;C:\Windows\system32;C:\Windows;C:\Windows\System32\Wbem;C:\Windows\System32\WindowsPowerShell\v1.0\;C:\Windows\System32\OpenSSH\;C:\Program Files\Bandizip\;E:\IDEA_JDK\bin;D:\Maven\apache-maven-3.8.6\bin;E:\IDEA_JDK\jre\bin;E:\TomCat\apache-tomcat-10.0.23\lib;E:\TomCat\apache-tomcat-10.0.23\bin;C:\Users\Savitar\AppData\Local\Microsoft\WindowsApps;D:\IntelliJ IDEA 2022.2\bin;;;."/>
    <property name="java.vm.info" value="mixed mode, sharing"/>
    <property name="java.vendor" value="Oracle Corporation"/>
    <property name="java.vm.version" value="18.0.2+9-61"/>
    <property name="sun.io.unicode.encoding" value="UnicodeLittle"/>
    <property name="maven.repo.local" value="E:\maven_projevct.m2\maven_repository"/>
    <property name="java.class.version" value="62.0"/>
  </properties>
  <testcase name="contextLoads" classname="com.zjrcu.stspringbootstarter.StSpringBootStarterApplicationTests" time="0.347"/>
</testsuite>